
❯ 請針對所有在blog下的markdown文章進行下面的處理:                                                              
你是一位專業的 Markdown 文件排版師，請對以下文章進行排版優化，規則如下：                                       
                                                                                                               
1. **結構**：確認有 frontmatter（title / description / date / tags）                                           
2. **標題**：h2 作為主要段落，h3 作為子項，不使用 h4 以下                                                      
3. **清單**：有序清單用於步驟流程，無序清單用於並列項目                                                        
4. **強調**：重要名詞或金額用 **粗體**，警示用 > 引言區塊                                                      
5. **表格**：數字比較內容改為 Markdown 表格格式                                                                
6. **空行與斷行**：                                                                                            
   - 每個 h2 段落前空一行，內文段落間空一行                                                                    
   - 連續兩個以上的空白行，合併為一個空白行                                                                    
   - 句子中間出現不合理的換行（同一語意未結束即斷行），合併回同一段落                                          
7. 不修改任何中文文字內容                                                                                      
                            
⏺ This is a big task across 34 files. Let me first scan to understand the current state, then process in       
  parallel.                                                                                                    
                                                                                                               
⏺ Bash(python3 -c "        
      import glob, re, yaml…)                                                                                  
  ⎿  Error: Exit code 1    
                                                                                                               
⏺ Bash(python3 -c "                                                                                            
      import glob, re…)                                                                                     
  ⎿  1107.md      H2= 0 H3= 0 bold-h= 5 L= 76 2xH4+ | 5x bold-heading                                          
     1126.md      H2= 0 H3= 0 bold-h= 0 L= 63 8xH4+               
     1183.md      H2= 0 H3= 0 bold-h= 0 L= 76 9xH4+                                                            
     … +20 lines (ctrl+o to expand)                                                                         
                                                                                                               
⏺ Major findings across 34 files:                                 
  - H4+ used as headings in 22 files (should be H2/H3)                                                         
  - Bold-as-heading (**text** alone on a line) in 17 files (should be H2/H3)                                   
  - 1 file with H1 (716.md)                                                                                    
  - 1 file missing date field (673.md)                                                                         
  - Almost no files use proper H2 structure                                                                    
                                                                                                               
  I'll process all 34 files in parallel batches. Each agent will read, reformat, and write back.               
                                                                                                               
⏺ Agent(Reformat blog batch 1 (6 files))                                                                       
  ⎿  Backgrounded agent (↓ to manage · ctrl+o to expand)                                                       
                                                                  
⏺ Agent(Reformat blog batch 2 (6 files))
  ⎿  Backgrounded agent (↓ to manage · ctrl+o to expand)                                                       
                           
⏺ Agent(Reformat blog batch 3 (6 files))                                                                       
  ⎿  Backgrounded agent (↓ to manage · ctrl+o to expand)                                                       
                           
⏺ Agent(Reformat blog batch 4 (6 files))                                                                       
  ⎿  Backgrounded agent (↓ to manage · ctrl+o to expand)                                                       
                           
⏺ Agent(Reformat blog batch 5 (6 files))                                                                       
  ⎿  Backgrounded agent (↓ to manage · ctrl+o to expand)                                                       
                           
⏺ Agent(Reformat blog batch 6 (4 files))                                                                       
  ⎿  Backgrounded agent (↓ to manage · ctrl+o to expand)                                                       
                           
⏺ 已啟動 6 個背景代理，平行處理全部 34 篇文章：                                                                
                                                                                                               
  ┌──────┬───────────────────────────────────┬────────┐                                                        
  │ 批次 │               檔案                │  狀態  │                                                        
  ├──────┼───────────────────────────────────┼────────┤                                                        
  │ 1    │ 1107, 1126, 1183, 1210, 1229, 123 │ 處理中 │                                                        
  ├──────┼───────────────────────────────────┼────────┤                                                        
  │ 2    │ 1246, 1252, 154, 1739, 1767, 1782 │ 處理中 │                                                        
  ├──────┼───────────────────────────────────┼────────┤                                                        
  │ 3    │ 1794, 1821, 195, 202, 217, 252    │ 處理中 │                                                        
  ├──────┼───────────────────────────────────┼────────┤                                                        
  │ 4    │ 264, 474, 493, 523, 546, 582      │ 處理中 │                                                        
  ├──────┼───────────────────────────────────┼────────┤                                                        
  │ 5    │ 593, 673, 716, 729, 736, 839      │ 處理中 │
  ├──────┼───────────────────────────────────┼────────┤                                                        
  │ 6    │ 845, 862, 884, 937                │ 處理中 │                                                        
  └──────┴───────────────────────────────────┴────────┘                                                        
   
  完成後我會跑一次全檔驗證，確認所有規則都已套用。                                                             
                                                                                                               
✻ Sautéed for 1m 43s · 6 local agents still running                                                            
                                                                                                               
❯ Astro 已經build過了嗎？                                                                                      
                          
⏺ 目前還沒有，代理們還在改 markdown 檔案中。等全部完成後我會跑 npm run build 驗證。                            
                                                                                                               
  要我現在先用目前的狀態 build 一次看看嗎？還是等全部改完再一起驗證？                                          
                                                                                                               
❯ 等全部改完再一起驗證                                                                                         
                                                                            
⏺ 好，等全部代理完成後一起 build 驗證。                                                                        
                                                                                                               
⏺ Agent "Reformat blog batch 3 (6 files)" completed                                                            
                                                                                                            
⏺ 批次 3（1794, 1821, 195, 202, 217, 252）已完成。等待其餘 5 個批次中。                                        
                                                                                                            
⏺ Agent "Reformat blog batch 1 (6 files)" completed                                                            
  ⎿  You've hit your limit · resets Mar 30 at 4pm (Asia/Taipei)                                                
                                                                                                               
⏺ Agent "Reformat blog batch 2 (6 files)" completed                                                            
  ⎿  You've hit your limit · resets Mar 30 at 4pm (Asia/Taipei)                                                
                                                                                                               
⏺ Agent "Reformat blog batch 4 (6 files)" completed                                                            
  ⎿  You've hit your limit · resets Mar 30 at 4pm (Asia/Taipei)                                                
                                                                                                               
⏺ Agent "Reformat blog batch 6 (4 files)" completed                                                            
  ⎿  You've hit your limit · resets Mar 30 at 4pm (Asia/Taipei)                                                
                                                                                                               
⏺ Agent "Reformat blog batch 5 (6 files)" completed                                                            
  ⎿  You've hit your limit · resets Mar 30 at 4pm (Asia/Taipei)                                                
                                                                                                               
❯ /rate-limit-options                                            

